<?xml version="1.0" encoding="UTF-8"?>
<!-- Generated by org.testng.reporters.JUnitXMLReporter -->
<testsuite ignored="0" hostname="AAPDyOVVbECDsDj" failures="1" tests="2" name="AvailableProductsTesting" time="95.736" errors="0" timestamp="2024-02-17T17:10:19 IST">
  <testcase classname="testcases.AvailableProductsTesting" name="cadProductTesting" time="54.002">
    <failure type="java.lang.AssertionError" message="expected [32] but found [30]">
      <![CDATA[java.lang.AssertionError: expected [32] but found [30]
at testcases.AvailableProductsTesting.cadProductTesting(AvailableProductsTesting.java:41)
at java.base/java.util.ArrayList.forEach(ArrayList.java:1511)
... Removed 34 stack frames]]>
    </failure>
  </testcase> <!-- cadProductTesting -->
  <testcase classname="testcases.AvailableProductsTesting" name="dmProductTesting" time="21.121"/>
</testsuite> <!-- AvailableProductsTesting -->
