<?xml version="1.0" encoding="utf-8" ?>
<!DOCTYPE html PUBLIC "-//W3C//DTD XHTML 1.0 Strict//EN"
        "http://www.w3.org/TR/xhtml1/DTD/xhtml1-strict.dtd">
<html xmlns="http://www.w3.org/1999/xhtml" xml:lang="" lang="">
<head>
  <title>Test Results Report - Test</title>
  <meta http-equiv="Content-Type" content="text/html;charset=utf-8" />
  <meta name="description" content="TestNG unit test results." />
  <link href="reportng.css" rel="stylesheet" type="text/css" />
    <script type="text/javascript" src="reportng.js"></script>
</head>
<body>
<h1>Test</h1>
<p>
  Test duration: 336.169s
</p>



  <table class="resultsTable">
    <tr><th colspan="3" class="header failed">Failed Tests</th></tr>
          <tr>
        <td colspan="3" class="group">testcases.DashBoardTest</td>
      </tr>
            
<tr>
  <td class="method">
                  verifyAllPets
      </td>
  <td class="duration">
    71.619s
  </td>
  <td class="result">
        
          <i>Method arguments: </i><span class="arguments">"chrome", "Y"</span><br />
    
            <div class="testOutput">
                        <a href=Thu_May_23_12_40_31_IST_2024.jpg target="_blank">Screenshot link</a>
                                <br>
                                <a href=Thu_May_23_12_40_31_IST_2024.jpg target="_blank"><img src=Thu_May_23_12_40_31_IST_2024.jpg height=200 width=200></a>
                  </div>
    

        <a href="javascript:toggleElement('exception-0', 'block')" title="Click to expand/collapse"><b>java.lang.AssertionError: The following asserts failed:<br/>
	expected [Chihuahua] but found [Poodle],<br/>
	expected [Labrador Retriever] but found [Dalmation],<br/>
	expected [Golden Retriever] but found [Labrador Retriever],<br/>
	expected [Dalmation] but found [Golden Retriever],<br/>
	expected [Poodle] but found [Chihuahua],<br/>
	expected [Iguana] but found [Rattlesnake],<br/>
	expected [Rattlesnake] but found [Iguana],<br/>
	expected [TigerShark] but found [Tiger Shark]</b></a><br />
    <div class="stackTrace" id="exception-0">
              org.testng.asserts.SoftAssert.assertAll(SoftAssert.java:46)<br />
              org.testng.asserts.SoftAssert.assertAll(SoftAssert.java:30)<br />
              testcases.DashBoardTest.verifyAllPets(DashBoardTest.java:84)<br />
              java.base/jdk.internal.reflect.NativeMethodAccessorImpl.invoke0(Native Method)<br />
              java.base/jdk.internal.reflect.NativeMethodAccessorImpl.invoke(NativeMethodAccessorImpl.java:77)<br />
              java.base/jdk.internal.reflect.DelegatingMethodAccessorImpl.invoke(DelegatingMethodAccessorImpl.java:43)<br />
              java.base/java.lang.reflect.Method.invoke(Method.java:568)<br />
              org.testng.internal.invokers.MethodInvocationHelper.invokeMethod(MethodInvocationHelper.java:139)<br />
              org.testng.internal.invokers.TestInvoker.invokeMethod(TestInvoker.java:664)<br />
              org.testng.internal.invokers.TestInvoker.invokeTestMethod(TestInvoker.java:228)<br />
              org.testng.internal.invokers.MethodRunner.runInSequence(MethodRunner.java:63)<br />
              org.testng.internal.invokers.TestInvoker$MethodInvocationAgent.invoke(TestInvoker.java:961)<br />
              org.testng.internal.invokers.TestInvoker.invokeTestMethods(TestInvoker.java:201)<br />
              org.testng.internal.invokers.TestMethodWorker.invokeTestMethods(TestMethodWorker.java:148)<br />
              org.testng.internal.invokers.TestMethodWorker.run(TestMethodWorker.java:128)<br />
              java.base/java.util.ArrayList.forEach(ArrayList.java:1511)<br />
              org.testng.TestRunner.privateRun(TestRunner.java:819)<br />
              org.testng.TestRunner.run(TestRunner.java:619)<br />
              org.testng.SuiteRunner.runTest(SuiteRunner.java:443)<br />
              org.testng.SuiteRunner.runSequentially(SuiteRunner.java:437)<br />
              org.testng.SuiteRunner.privateRun(SuiteRunner.java:397)<br />
              org.testng.SuiteRunner.run(SuiteRunner.java:336)<br />
              org.testng.SuiteRunnerWorker.runSuite(SuiteRunnerWorker.java:52)<br />
              org.testng.SuiteRunnerWorker.run(SuiteRunnerWorker.java:95)<br />
              org.testng.TestNG.runSuitesSequentially(TestNG.java:1301)<br />
              org.testng.TestNG.runSuitesLocally(TestNG.java:1228)<br />
              org.testng.TestNG.runSuites(TestNG.java:1134)<br />
              org.testng.TestNG.run(TestNG.java:1101)<br />
              org.testng.remote.AbstractRemoteTestNG.run(AbstractRemoteTestNG.java:115)<br />
              org.testng.remote.RemoteTestNG.initAndRun(RemoteTestNG.java:251)<br />
              org.testng.remote.RemoteTestNG.main(RemoteTestNG.java:77)<br />
                </div>
      </td>
</tr>
          <tr>
        <td colspan="3" class="group">testcases.StoreEntryTest</td>
      </tr>
            
<tr>
  <td class="method">
                  Verifylogin
      </td>
  <td class="duration">
    24.347s
  </td>
  <td class="result">
        
          <i>Method arguments: </i><span class="arguments">"firefox", "Y", "rinku", "rinku1806"</span><br />
    
            <div class="testOutput">
                        <a href=Thu_May_23_12_44_51_IST_2024.jpg target="_blank">Screenshot link</a>
                                <br>
                                <a href=Thu_May_23_12_44_51_IST_2024.jpg target="_blank"><img src=Thu_May_23_12_44_51_IST_2024.jpg height=200 width=200></a>
                  </div>
    

        <a href="javascript:toggleElement('exception-1', 'block')" title="Click to expand/collapse"><b>org.openqa.selenium.NoSuchElementException: Unable to locate element: #WelcomeContent<br/>
For documentation on this error, please visit: https://www.selenium.dev/documentation/webdriver/troubleshooting/errors#no-such-element-exception<br/>
Build info: version: &apos;4.17.0&apos;, revision: &apos;e52b1be057*&apos;<br/>
System info: os.name: &apos;Windows 10&apos;, os.arch: &apos;amd64&apos;, os.version: &apos;10.0&apos;, java.version: &apos;17.0.1&apos;<br/>
Driver info: org.openqa.selenium.firefox.FirefoxDriver<br/>
Command: [f28c9ff4-6f3c-4e49-9790-e0807668f6cd, findElement {using=id, value=WelcomeContent}]<br/>
Capabilities {acceptInsecureCerts: true, browserName: firefox, browserVersion: 126.0, moz:accessibilityChecks: false, moz:buildID: 20240509170740, moz:debuggerAddress: 127.0.0.1:27103, moz:geckodriverVersion: 0.34.0, moz:headless: false, moz:platformVersion: 10.0, moz:processID: 26056, moz:profile: C:\Users\bkumar\AppData\Loc..., moz:shutdownTimeout: 60000, moz:webdriverClick: true, moz:windowless: false, pageLoadStrategy: normal, platformName: windows, proxy: Proxy(), se:cdp: ws://127.0.0.1:27103/devtoo..., se:cdpVersion: 85.0, setWindowRect: true, strictFileInteractability: false, timeouts: {implicit: 0, pageLoad: 300000, script: 30000}, unhandledPromptBehavior: dismiss and notify, userAgent: Mozilla/5.0 (Windows NT 10....}<br/>
Session ID: f28c9ff4-6f3c-4e49-9790-e0807668f6cd</b></a><br />
    <div class="stackTrace" id="exception-1">
              java.base/jdk.internal.reflect.NativeConstructorAccessorImpl.newInstance0(Native Method)<br />
              java.base/jdk.internal.reflect.NativeConstructorAccessorImpl.newInstance(NativeConstructorAccessorImpl.java:77)<br />
              java.base/jdk.internal.reflect.DelegatingConstructorAccessorImpl.newInstance(DelegatingConstructorAccessorImpl.java:45)<br />
              java.base/java.lang.reflect.Constructor.newInstanceWithCaller(Constructor.java:499)<br />
              java.base/java.lang.reflect.Constructor.newInstance(Constructor.java:480)<br />
              org.openqa.selenium.remote.codec.w3c.W3CHttpResponseCodec.createException(W3CHttpResponseCodec.java:185)<br />
              org.openqa.selenium.remote.codec.w3c.W3CHttpResponseCodec.decode(W3CHttpResponseCodec.java:134)<br />
              org.openqa.selenium.remote.codec.w3c.W3CHttpResponseCodec.decode(W3CHttpResponseCodec.java:51)<br />
              org.openqa.selenium.remote.HttpCommandExecutor.execute(HttpCommandExecutor.java:190)<br />
              org.openqa.selenium.remote.service.DriverCommandExecutor.invokeExecute(DriverCommandExecutor.java:216)<br />
              org.openqa.selenium.remote.service.DriverCommandExecutor.execute(DriverCommandExecutor.java:174)<br />
              org.openqa.selenium.remote.RemoteWebDriver.execute(RemoteWebDriver.java:519)<br />
              org.openqa.selenium.remote.ElementLocation$ElementFinder$2.findElement(ElementLocation.java:165)<br />
              org.openqa.selenium.remote.ElementLocation.findElement(ElementLocation.java:66)<br />
              org.openqa.selenium.remote.RemoteWebDriver.findElement(RemoteWebDriver.java:356)<br />
              org.openqa.selenium.remote.RemoteWebDriver.findElement(RemoteWebDriver.java:350)<br />
              org.openqa.selenium.support.pagefactory.DefaultElementLocator.findElement(DefaultElementLocator.java:68)<br />
              org.openqa.selenium.support.pagefactory.internal.LocatingElementHandler.invoke(LocatingElementHandler.java:38)<br />
              jdk.proxy2/jdk.proxy2.$Proxy33.getText(Unknown Source)<br />
              pages.DashBoard.getWelcomeContent(DashBoard.java:37)<br />
              testcases.StoreEntryTest.Verifylogin(StoreEntryTest.java:74)<br />
              java.base/jdk.internal.reflect.NativeMethodAccessorImpl.invoke0(Native Method)<br />
              java.base/jdk.internal.reflect.NativeMethodAccessorImpl.invoke(NativeMethodAccessorImpl.java:77)<br />
              java.base/jdk.internal.reflect.DelegatingMethodAccessorImpl.invoke(DelegatingMethodAccessorImpl.java:43)<br />
              java.base/java.lang.reflect.Method.invoke(Method.java:568)<br />
              org.testng.internal.invokers.MethodInvocationHelper.invokeMethod(MethodInvocationHelper.java:139)<br />
              org.testng.internal.invokers.TestInvoker.invokeMethod(TestInvoker.java:664)<br />
              org.testng.internal.invokers.TestInvoker.invokeTestMethod(TestInvoker.java:228)<br />
              org.testng.internal.invokers.MethodRunner.runInSequence(MethodRunner.java:63)<br />
              org.testng.internal.invokers.TestInvoker$MethodInvocationAgent.invoke(TestInvoker.java:961)<br />
              org.testng.internal.invokers.TestInvoker.invokeTestMethods(TestInvoker.java:201)<br />
              org.testng.internal.invokers.TestMethodWorker.invokeTestMethods(TestMethodWorker.java:148)<br />
              org.testng.internal.invokers.TestMethodWorker.run(TestMethodWorker.java:128)<br />
              java.base/java.util.ArrayList.forEach(ArrayList.java:1511)<br />
              org.testng.TestRunner.privateRun(TestRunner.java:819)<br />
              org.testng.TestRunner.run(TestRunner.java:619)<br />
              org.testng.SuiteRunner.runTest(SuiteRunner.java:443)<br />
              org.testng.SuiteRunner.runSequentially(SuiteRunner.java:437)<br />
              org.testng.SuiteRunner.privateRun(SuiteRunner.java:397)<br />
              org.testng.SuiteRunner.run(SuiteRunner.java:336)<br />
              org.testng.SuiteRunnerWorker.runSuite(SuiteRunnerWorker.java:52)<br />
              org.testng.SuiteRunnerWorker.run(SuiteRunnerWorker.java:95)<br />
              org.testng.TestNG.runSuitesSequentially(TestNG.java:1301)<br />
              org.testng.TestNG.runSuitesLocally(TestNG.java:1228)<br />
              org.testng.TestNG.runSuites(TestNG.java:1134)<br />
              org.testng.TestNG.run(TestNG.java:1101)<br />
              org.testng.remote.AbstractRemoteTestNG.run(AbstractRemoteTestNG.java:115)<br />
              org.testng.remote.RemoteTestNG.initAndRun(RemoteTestNG.java:251)<br />
              org.testng.remote.RemoteTestNG.main(RemoteTestNG.java:77)<br />
                </div>
      </td>
</tr>
<tr>
  <td class="method">
                  Verifylogin
      </td>
  <td class="duration">
    23.156s
  </td>
  <td class="result">
        
          <i>Method arguments: </i><span class="arguments">"chrome", "Y", "j2ee", "rinku1806"</span><br />
    
            <div class="testOutput">
                        <a href=Thu_May_23_12_44_21_IST_2024.jpg target="_blank">Screenshot link</a>
                                <br>
                                <a href=Thu_May_23_12_44_21_IST_2024.jpg target="_blank"><img src=Thu_May_23_12_44_21_IST_2024.jpg height=200 width=200></a>
                  </div>
    

        <a href="javascript:toggleElement('exception-2', 'block')" title="Click to expand/collapse"><b>org.openqa.selenium.NoSuchElementException: no such element: Unable to locate element: {&quot;method&quot;:&quot;css selector&quot;,&quot;selector&quot;:&quot;#WelcomeContent&quot;}<br/>
&nbsp; (Session info: chrome=125.0.6422.76)<br/>
For documentation on this error, please visit: https://www.selenium.dev/documentation/webdriver/troubleshooting/errors#no-such-element-exception<br/>
Build info: version: &apos;4.17.0&apos;, revision: &apos;e52b1be057*&apos;<br/>
System info: os.name: &apos;Windows 10&apos;, os.arch: &apos;amd64&apos;, os.version: &apos;10.0&apos;, java.version: &apos;17.0.1&apos;<br/>
Driver info: org.openqa.selenium.chrome.ChromeDriver<br/>
Command: [264129cdba0dd2f81f61de38aae20b85, findElement {using=id, value=WelcomeContent}]<br/>
Capabilities {acceptInsecureCerts: false, browserName: chrome, browserVersion: 125.0.6422.76, chrome: {chromedriverVersion: 125.0.6422.76 (67dcf7562b8f..., userDataDir: C:\Windows\SystemTemp\scope...}, fedcm:accounts: true, goog:chromeOptions: {debuggerAddress: localhost:55334}, networkConnectionEnabled: false, pageLoadStrategy: normal, platformName: windows, proxy: Proxy(), se:cdp: ws://localhost:55334/devtoo..., se:cdpVersion: 125.0.6422.76, setWindowRect: true, strictFileInteractability: false, timeouts: {implicit: 0, pageLoad: 300000, script: 30000}, unhandledPromptBehavior: dismiss and notify, webauthn:extension:credBlob: true, webauthn:extension:largeBlob: true, webauthn:extension:minPinLength: true, webauthn:extension:prf: true, webauthn:virtualAuthenticators: true}<br/>
Session ID: 264129cdba0dd2f81f61de38aae20b85</b></a><br />
    <div class="stackTrace" id="exception-2">
              java.base/jdk.internal.reflect.NativeConstructorAccessorImpl.newInstance0(Native Method)<br />
              java.base/jdk.internal.reflect.NativeConstructorAccessorImpl.newInstance(NativeConstructorAccessorImpl.java:77)<br />
              java.base/jdk.internal.reflect.DelegatingConstructorAccessorImpl.newInstance(DelegatingConstructorAccessorImpl.java:45)<br />
              java.base/java.lang.reflect.Constructor.newInstanceWithCaller(Constructor.java:499)<br />
              java.base/java.lang.reflect.Constructor.newInstance(Constructor.java:480)<br />
              org.openqa.selenium.remote.codec.w3c.W3CHttpResponseCodec.createException(W3CHttpResponseCodec.java:185)<br />
              org.openqa.selenium.remote.codec.w3c.W3CHttpResponseCodec.decode(W3CHttpResponseCodec.java:134)<br />
              org.openqa.selenium.remote.codec.w3c.W3CHttpResponseCodec.decode(W3CHttpResponseCodec.java:51)<br />
              org.openqa.selenium.remote.HttpCommandExecutor.execute(HttpCommandExecutor.java:190)<br />
              org.openqa.selenium.remote.service.DriverCommandExecutor.invokeExecute(DriverCommandExecutor.java:216)<br />
              org.openqa.selenium.remote.service.DriverCommandExecutor.execute(DriverCommandExecutor.java:174)<br />
              org.openqa.selenium.remote.RemoteWebDriver.execute(RemoteWebDriver.java:519)<br />
              org.openqa.selenium.remote.ElementLocation$ElementFinder$2.findElement(ElementLocation.java:165)<br />
              org.openqa.selenium.remote.ElementLocation.findElement(ElementLocation.java:66)<br />
              org.openqa.selenium.remote.RemoteWebDriver.findElement(RemoteWebDriver.java:356)<br />
              org.openqa.selenium.remote.RemoteWebDriver.findElement(RemoteWebDriver.java:350)<br />
              org.openqa.selenium.support.pagefactory.DefaultElementLocator.findElement(DefaultElementLocator.java:68)<br />
              org.openqa.selenium.support.pagefactory.internal.LocatingElementHandler.invoke(LocatingElementHandler.java:38)<br />
              jdk.proxy2/jdk.proxy2.$Proxy33.getText(Unknown Source)<br />
              pages.DashBoard.getWelcomeContent(DashBoard.java:37)<br />
              testcases.StoreEntryTest.Verifylogin(StoreEntryTest.java:74)<br />
              java.base/jdk.internal.reflect.NativeMethodAccessorImpl.invoke0(Native Method)<br />
              java.base/jdk.internal.reflect.NativeMethodAccessorImpl.invoke(NativeMethodAccessorImpl.java:77)<br />
              java.base/jdk.internal.reflect.DelegatingMethodAccessorImpl.invoke(DelegatingMethodAccessorImpl.java:43)<br />
              java.base/java.lang.reflect.Method.invoke(Method.java:568)<br />
              org.testng.internal.invokers.MethodInvocationHelper.invokeMethod(MethodInvocationHelper.java:139)<br />
              org.testng.internal.invokers.TestInvoker.invokeMethod(TestInvoker.java:664)<br />
              org.testng.internal.invokers.TestInvoker.invokeTestMethod(TestInvoker.java:228)<br />
              org.testng.internal.invokers.MethodRunner.runInSequence(MethodRunner.java:63)<br />
              org.testng.internal.invokers.TestInvoker$MethodInvocationAgent.invoke(TestInvoker.java:961)<br />
              org.testng.internal.invokers.TestInvoker.invokeTestMethods(TestInvoker.java:201)<br />
              org.testng.internal.invokers.TestMethodWorker.invokeTestMethods(TestMethodWorker.java:148)<br />
              org.testng.internal.invokers.TestMethodWorker.run(TestMethodWorker.java:128)<br />
              java.base/java.util.ArrayList.forEach(ArrayList.java:1511)<br />
              org.testng.TestRunner.privateRun(TestRunner.java:819)<br />
              org.testng.TestRunner.run(TestRunner.java:619)<br />
              org.testng.SuiteRunner.runTest(SuiteRunner.java:443)<br />
              org.testng.SuiteRunner.runSequentially(SuiteRunner.java:437)<br />
              org.testng.SuiteRunner.privateRun(SuiteRunner.java:397)<br />
              org.testng.SuiteRunner.run(SuiteRunner.java:336)<br />
              org.testng.SuiteRunnerWorker.runSuite(SuiteRunnerWorker.java:52)<br />
              org.testng.SuiteRunnerWorker.run(SuiteRunnerWorker.java:95)<br />
              org.testng.TestNG.runSuitesSequentially(TestNG.java:1301)<br />
              org.testng.TestNG.runSuitesLocally(TestNG.java:1228)<br />
              org.testng.TestNG.runSuites(TestNG.java:1134)<br />
              org.testng.TestNG.run(TestNG.java:1101)<br />
              org.testng.remote.AbstractRemoteTestNG.run(AbstractRemoteTestNG.java:115)<br />
              org.testng.remote.RemoteTestNG.initAndRun(RemoteTestNG.java:251)<br />
              org.testng.remote.RemoteTestNG.main(RemoteTestNG.java:77)<br />
                </div>
      </td>
</tr>
      </table>


  <table class="resultsTable">
    <tr><th colspan="3" class="header passed">Passed Tests</th></tr>
          <tr>
        <td colspan="3" class="group">testcases.DashBoardTest</td>
      </tr>
            
<tr>
  <td class="method">
                  verifyAvailablePets
      </td>
  <td class="duration">
    117.462s
  </td>
  <td class="result">
        
          <i>Method arguments: </i><span class="arguments">"edge", "Y"</span><br />
    
        

      </td>
</tr>
          <tr>
        <td colspan="3" class="group">testcases.HomePageTest</td>
      </tr>
            
<tr>
  <td class="method">
                  VerifyHomePageTitle
      </td>
  <td class="duration">
    5.279s
  </td>
  <td class="result">
        
          <i>Method arguments: </i><span class="arguments">"chrome", "Y"</span><br />
    
        

      </td>
</tr>
          <tr>
        <td colspan="3" class="group">testcases.StoreEntryTest</td>
      </tr>
            
<tr>
  <td class="method">
                  VerifySignInButtonPresence
      </td>
  <td class="duration">
    9.204s
  </td>
  <td class="result">
        
          <i>Method arguments: </i><span class="arguments">"firefox", "Y"</span><br />
    
        

      </td>
</tr>
<tr>
  <td class="method">
                  VerifyStoreEntryTitle
      </td>
  <td class="duration">
    7.609s
  </td>
  <td class="result">
        
          <i>Method arguments: </i><span class="arguments">"chrome", "Y"</span><br />
    
        

      </td>
</tr>
<tr>
  <td class="method">
                  Verifylogin
      </td>
  <td class="duration">
    14.865s
  </td>
  <td class="result">
        
          <i>Method arguments: </i><span class="arguments">"firefox", "Y", "rinku", "j2ee"</span><br />
    
        

      </td>
</tr>
<tr>
  <td class="method">
                  Verifylogin
      </td>
  <td class="duration">
    13.522s
  </td>
  <td class="result">
        
          <i>Method arguments: </i><span class="arguments">"chrome", "Y", "j2ee", "j2ee"</span><br />
    
        

      </td>
</tr>
      </table>
  
</body>
</html>
