{"uid":"2a9b407addac912d","name":"verifyAllPets","fullName":"testcases.DashBoardTest.verifyAllPets","historyId":"ef6ec3a80ed326aa2eb0e7d408ef0424","time":{"start":1716448159913,"stop":1716448231720,"duration":71807},"status":"failed","statusMessage":"The following asserts failed:\n\texpected [Chihuahua] but found [Poodle],\n\texpected [Labrador Retriever] but found [Dalmation],\n\texpected [Golden Retriever] but found [Labrador Retriever],\n\texpected [Dalmation] but found [Golden Retriever],\n\texpected [Poodle] but found [Chihuahua],\n\texpected [Iguana] but found [Rattlesnake],\n\texpected [Rattlesnake] but found [Iguana],\n\texpected [TigerShark] but found [Tiger Shark]","statusTrace":"java.lang.AssertionError: The following asserts failed:\n\texpected [Chihuahua] but found [Poodle],\n\texpected [Labrador Retriever] but found [Dalmation],\n\texpected [Golden Retriever] but found [Labrador Retriever],\n\texpected [Dalmation] but found [Golden Retriever],\n\texpected [Poodle] but found [Chihuahua],\n\texpected [Iguana] but found [Rattlesnake],\n\texpected [Rattlesnake] but found [Iguana],\n\texpected [TigerShark] but found [Tiger Shark]\r\n\tat org.testng.asserts.SoftAssert.assertAll(SoftAssert.java:46)\r\n\tat org.testng.asserts.SoftAssert.assertAll(SoftAssert.java:30)\r\n\tat testcases.DashBoardTest.verifyAllPets(DashBoardTest.java:84)\r\n\tat java.base/jdk.internal.reflect.NativeMethodAccessorImpl.invoke0(Native Method)\r\n\tat java.base/jdk.internal.reflect.NativeMethodAccessorImpl.invoke(NativeMethodAccessorImpl.java:77)\r\n\tat java.base/jdk.internal.reflect.DelegatingMethodAccessorImpl.invoke(DelegatingMethodAccessorImpl.java:43)\r\n\tat java.base/java.lang.reflect.Method.invoke(Method.java:568)\r\n\tat org.testng.internal.invokers.MethodInvocationHelper.invokeMethod(MethodInvocationHelper.java:139)\r\n\tat org.testng.internal.invokers.TestInvoker.invokeMethod(TestInvoker.java:664)\r\n\tat org.testng.internal.invokers.TestInvoker.invokeTestMethod(TestInvoker.java:228)\r\n\tat org.testng.internal.invokers.MethodRunner.runInSequence(MethodRunner.java:63)\r\n\tat org.testng.internal.invokers.TestInvoker$MethodInvocationAgent.invoke(TestInvoker.java:961)\r\n\tat org.testng.internal.invokers.TestInvoker.invokeTestMethods(TestInvoker.java:201)\r\n\tat org.testng.internal.invokers.TestMethodWorker.invokeTestMethods(TestMethodWorker.java:148)\r\n\tat org.testng.internal.invokers.TestMethodWorker.run(TestMethodWorker.java:128)\r\n\tat java.base/java.util.ArrayList.forEach(ArrayList.java:1511)\r\n\tat org.testng.TestRunner.privateRun(TestRunner.java:819)\r\n\tat org.testng.TestRunner.run(TestRunner.java:619)\r\n\tat org.testng.SuiteRunner.runTest(SuiteRunner.java:443)\r\n\tat org.testng.SuiteRunner.runSequentially(SuiteRunner.java:437)\r\n\tat org.testng.SuiteRunner.privateRun(SuiteRunner.java:397)\r\n\tat org.testng.SuiteRunner.run(SuiteRunner.java:336)\r\n\tat org.testng.SuiteRunnerWorker.runSuite(SuiteRunnerWorker.java:52)\r\n\tat org.testng.SuiteRunnerWorker.run(SuiteRunnerWorker.java:95)\r\n\tat org.testng.TestNG.runSuitesSequentially(TestNG.java:1301)\r\n\tat org.testng.TestNG.runSuitesLocally(TestNG.java:1228)\r\n\tat org.testng.TestNG.runSuites(TestNG.java:1134)\r\n\tat org.testng.TestNG.run(TestNG.java:1101)\r\n\tat org.testng.remote.AbstractRemoteTestNG.run(AbstractRemoteTestNG.java:115)\r\n\tat org.testng.remote.RemoteTestNG.initAndRun(RemoteTestNG.java:251)\r\n\tat org.testng.remote.RemoteTestNG.main(RemoteTestNG.java:77)\r\n","flaky":false,"newFailed":false,"newBroken":false,"newPassed":false,"retriesCount":9,"retriesStatusChange":true,"beforeStages":[],"afterStages":[{"name":"tearDown","time":{"start":1716448231767,"stop":1716448236965,"duration":5198},"description":"","status":"passed","steps":[],"attachments":[],"parameters":[],"stepsCount":0,"attachmentStep":false,"attachmentsCount":0,"shouldDisplayMessage":false,"hasContent":false}],"labels":[{"name":"package","value":"testcases.DashBoardTest"},{"name":"testClass","value":"testcases.DashBoardTest"},{"name":"testMethod","value":"verifyAllPets"},{"name":"parentSuite","value":"Suite"},{"name":"suite","value":"Test"},{"name":"subSuite","value":"testcases.DashBoardTest"},{"name":"host","value":"AAPDyOVVbECDsDj"},{"name":"thread","value":"3724@AAPDyOVVbECDsDj.main(1)"},{"name":"framework","value":"testng"},{"name":"language","value":"java"},{"name":"resultFormat","value":"allure2"}],"parameters":[{"name":"arg0","value":"chrome"},{"name":"arg1","value":"Y"}],"links":[],"hidden":false,"retry":false,"extra":{"severity":"normal","retries":[{"uid":"9c113d7fbcbc36e4","status":"broken","statusDetails":"java.lang.NumberFormatException: For input string: \"public\"","time":{"start":1716367248291,"stop":1716367248997,"duration":706}},{"uid":"56cc100bddb0229","status":"failed","statusDetails":"The following asserts failed:\n\texpected [Chihuahua] but found [Poodle],\n\texpected [Labrador Retriever] but found [Dalmation],\n\texpected [Golden Retriever] but found [Labrador Retriever],\n\texpected [Dalmation] but found [Golden Retriever],\n\texpected [Poodle] but found [Chihuahua],\n\texpected [Iguana] but found [Rattlesnake],\n\texpected [Rattlesnake] but found [Iguana],\n\texpected [TigerShark] but found [Tiger Shark]","time":{"start":1714550459888,"stop":1714550524207,"duration":64319}},{"uid":"50d52ad6b17b921","status":"failed","statusDetails":"The following asserts failed:\n\texpected [Chihuahua] but found [Poodle],\n\texpected [Labrador Retriever] but found [Dalmation],\n\texpected [Golden Retriever] but found [Labrador Retriever],\n\texpected [Dalmation] but found [Golden Retriever],\n\texpected [Poodle] but found [Chihuahua],\n\texpected [Iguana] but found [Rattlesnake],\n\texpected [Rattlesnake] but found [Iguana],\n\texpected [TigerShark] but found [Tiger Shark]","time":{"start":1714540533212,"stop":1714540597073,"duration":63861}},{"uid":"f57b54ffa0670c3e","status":"failed","statusDetails":"The following asserts failed:\n\texpected [Chihuahua] but found [Poodle],\n\texpected [Labrador Retriever] but found [Dalmation],\n\texpected [Golden Retriever] but found [Labrador Retriever],\n\texpected [Dalmation] but found [Golden Retriever],\n\texpected [Poodle] but found [Chihuahua],\n\texpected [Iguana] but found [Rattlesnake],\n\texpected [Rattlesnake] but found [Iguana],\n\texpected [TigerShark] but found [Tiger Shark]","time":{"start":1714540112999,"stop":1714540176483,"duration":63484}},{"uid":"91186f9dcb7393e0","status":"failed","statusDetails":"The following asserts failed:\n\texpected [Chihuahua] but found [Poodle],\n\texpected [Labrador Retriever] but found [Dalmation],\n\texpected [Golden Retriever] but found [Labrador Retriever],\n\texpected [Dalmation] but found [Golden Retriever],\n\texpected [Poodle] but found [Chihuahua],\n\texpected [Iguana] but found [Rattlesnake],\n\texpected [Rattlesnake] but found [Iguana],\n\texpected [TigerShark] but found [Tiger Shark]","time":{"start":1714539682556,"stop":1714539746028,"duration":63472}},{"uid":"bfcfbd91657cee92","status":"failed","statusDetails":"The following asserts failed:\n\texpected [Chihuahua] but found [Poodle],\n\texpected [Labrador Retriever] but found [Dalmation],\n\texpected [Golden Retriever] but found [Labrador Retriever],\n\texpected [Dalmation] but found [Golden Retriever],\n\texpected [Poodle] but found [Chihuahua],\n\texpected [Iguana] but found [Rattlesnake],\n\texpected [Rattlesnake] but found [Iguana],\n\texpected [TigerShark] but found [Tiger Shark]","time":{"start":1714539249655,"stop":1714539313494,"duration":63839}},{"uid":"d819248bffb4f6c6","status":"failed","statusDetails":"The following asserts failed:\n\texpected [Chihuahua] but found [Poodle],\n\texpected [Labrador Retriever] but found [Dalmation],\n\texpected [Golden Retriever] but found [Labrador Retriever],\n\texpected [Dalmation] but found [Golden Retriever],\n\texpected [Poodle] but found [Chihuahua],\n\texpected [Iguana] but found [Rattlesnake],\n\texpected [Rattlesnake] but found [Iguana],\n\texpected [TigerShark] but found [Tiger Shark]","time":{"start":1714538806907,"stop":1714538871174,"duration":64267}},{"uid":"84ab79ba0870bb2a","status":"failed","statusDetails":"The following asserts failed:\n\texpected [Chihuahua] but found [Poodle],\n\texpected [Labrador Retriever] but found [Dalmation],\n\texpected [Golden Retriever] but found [Labrador Retriever],\n\texpected [Dalmation] but found [Golden Retriever],\n\texpected [Poodle] but found [Chihuahua],\n\texpected [Iguana] but found [Rattlesnake],\n\texpected [Rattlesnake] but found [Iguana],\n\texpected [TigerShark] but found [Tiger Shark]","time":{"start":1714538330793,"stop":1714538397580,"duration":66787}},{"uid":"d2c2508ea84f164a","status":"failed","statusDetails":"The following asserts failed:\n\texpected [Chihuahua] but found [Poodle],\n\texpected [Labrador Retriever] but found [Dalmation],\n\texpected [Golden Retriever] but found [Labrador Retriever],\n\texpected [Dalmation] but found [Golden Retriever],\n\texpected [Poodle] but found [Chihuahua],\n\texpected [Iguana] but found [Rattlesnake],\n\texpected [Rattlesnake] but found [Iguana],\n\texpected [TigerShark] but found [Tiger Shark]","time":{"start":1714464727904,"stop":1714464793362,"duration":65458}}],"categories":[{"name":"Product defects","matchedStatuses":[],"flaky":false}],"tags":[]},"source":"2a9b407addac912d.json","parameterValues":["chrome","Y"]}