{"uid":"baac8fc6dec92def","name":"Verifylogin","fullName":"testcases.StoreEntryTest.Verifylogin","historyId":"13cfe2de44c7da0184ccf8c002590e05","time":{"start":1716367305524,"stop":1716367306174,"duration":650},"status":"broken","statusMessage":"java.lang.NumberFormatException: For input string: \"public\"","statusTrace":"io.github.bonigarcia.wdm.config.WebDriverManagerException: java.lang.NumberFormatException: For input string: \"public\"\r\n\tat io.github.bonigarcia.wdm.WebDriverManager.handleException(WebDriverManager.java:1445)\r\n\tat io.github.bonigarcia.wdm.WebDriverManager.manage(WebDriverManager.java:1205)\r\n\tat io.github.bonigarcia.wdm.WebDriverManager.fallback(WebDriverManager.java:1461)\r\n\tat io.github.bonigarcia.wdm.WebDriverManager.handleException(WebDriverManager.java:1442)\r\n\tat io.github.bonigarcia.wdm.WebDriverManager.manage(WebDriverManager.java:1205)\r\n\tat io.github.bonigarcia.wdm.WebDriverManager.handleException(WebDriverManager.java:1435)\r\n\tat io.github.bonigarcia.wdm.WebDriverManager.manage(WebDriverManager.java:1205)\r\n\tat io.github.bonigarcia.wdm.WebDriverManager.setup(WebDriverManager.java:427)\r\n\tat tbase.BaseTest.setUp(BaseTest.java:72)\r\n\tat testcases.StoreEntryTest.Verifylogin(StoreEntryTest.java:65)\r\n\tat java.base/jdk.internal.reflect.NativeMethodAccessorImpl.invoke0(Native Method)\r\n\tat java.base/jdk.internal.reflect.NativeMethodAccessorImpl.invoke(NativeMethodAccessorImpl.java:77)\r\n\tat java.base/jdk.internal.reflect.DelegatingMethodAccessorImpl.invoke(DelegatingMethodAccessorImpl.java:43)\r\n\tat java.base/java.lang.reflect.Method.invoke(Method.java:568)\r\n\tat org.testng.internal.invokers.MethodInvocationHelper.invokeMethod(MethodInvocationHelper.java:139)\r\n\tat org.testng.internal.invokers.TestInvoker.invokeMethod(TestInvoker.java:664)\r\n\tat org.testng.internal.invokers.TestInvoker.invokeTestMethod(TestInvoker.java:228)\r\n\tat org.testng.internal.invokers.MethodRunner.runInSequence(MethodRunner.java:63)\r\n\tat org.testng.internal.invokers.TestInvoker$MethodInvocationAgent.invoke(TestInvoker.java:961)\r\n\tat org.testng.internal.invokers.TestInvoker.invokeTestMethods(TestInvoker.java:201)\r\n\tat org.testng.internal.invokers.TestMethodWorker.invokeTestMethods(TestMethodWorker.java:148)\r\n\tat org.testng.internal.invokers.TestMethodWorker.run(TestMethodWorker.java:128)\r\n\tat java.base/java.util.ArrayList.forEach(ArrayList.java:1511)\r\n\tat org.testng.TestRunner.privateRun(TestRunner.java:819)\r\n\tat org.testng.TestRunner.run(TestRunner.java:619)\r\n\tat org.testng.SuiteRunner.runTest(SuiteRunner.java:443)\r\n\tat org.testng.SuiteRunner.runSequentially(SuiteRunner.java:437)\r\n\tat org.testng.SuiteRunner.privateRun(SuiteRunner.java:397)\r\n\tat org.testng.SuiteRunner.run(SuiteRunner.java:336)\r\n\tat org.testng.SuiteRunnerWorker.runSuite(SuiteRunnerWorker.java:52)\r\n\tat org.testng.SuiteRunnerWorker.run(SuiteRunnerWorker.java:95)\r\n\tat org.testng.TestNG.runSuitesSequentially(TestNG.java:1301)\r\n\tat org.testng.TestNG.runSuitesLocally(TestNG.java:1228)\r\n\tat org.testng.TestNG.runSuites(TestNG.java:1134)\r\n\tat org.testng.TestNG.run(TestNG.java:1101)\r\n\tat org.testng.remote.AbstractRemoteTestNG.run(AbstractRemoteTestNG.java:115)\r\n\tat org.testng.remote.RemoteTestNG.initAndRun(RemoteTestNG.java:251)\r\n\tat org.testng.remote.RemoteTestNG.main(RemoteTestNG.java:77)\r\nCaused by: java.lang.NumberFormatException: For input string: \"public\"\r\n\tat java.base/java.lang.NumberFormatException.forInputString(NumberFormatException.java:67)\r\n\tat java.base/java.lang.Integer.parseInt(Integer.java:668)\r\n\tat java.base/java.lang.Integer.parseInt(Integer.java:786)\r\n\tat io.github.bonigarcia.wdm.managers.ChromeDriverManager.buildUrl(ChromeDriverManager.java:178)\r\n\tat io.github.bonigarcia.wdm.managers.ChromeDriverManager.buildUrl(ChromeDriverManager.java:155)\r\n\tat io.github.bonigarcia.wdm.WebDriverManager.download(WebDriverManager.java:1282)\r\n\tat io.github.bonigarcia.wdm.WebDriverManager.manage(WebDriverManager.java:1199)\r\n\t... 36 more\r\n","flaky":false,"newFailed":false,"newBroken":false,"newPassed":false,"retriesCount":0,"retriesStatusChange":false,"beforeStages":[],"afterStages":[{"name":"tearDown","time":{"start":1716367306177,"stop":1716367311189,"duration":5012},"description":"","status":"passed","steps":[],"attachments":[],"parameters":[],"stepsCount":0,"attachmentStep":false,"attachmentsCount":0,"shouldDisplayMessage":false,"hasContent":false}],"labels":[{"name":"package","value":"testcases.StoreEntryTest"},{"name":"testClass","value":"testcases.StoreEntryTest"},{"name":"testMethod","value":"Verifylogin"},{"name":"parentSuite","value":"Default suite"},{"name":"suite","value":"Default test"},{"name":"subSuite","value":"testcases.StoreEntryTest"},{"name":"host","value":"AAPDyOVVbECDsDj"},{"name":"thread","value":"18520@AAPDyOVVbECDsDj.main(1)"},{"name":"framework","value":"testng"},{"name":"language","value":"java"},{"name":"resultFormat","value":"allure2"}],"parameters":[{"name":"arg0","value":"chrome"},{"name":"arg1","value":"Y"},{"name":"arg2","value":"j2ee"},{"name":"arg3","value":"rinku1806"}],"links":[],"hidden":true,"retry":true,"extra":{"categories":[],"tags":[]},"source":"baac8fc6dec92def.json","parameterValues":["chrome","Y","j2ee","rinku1806"]}